<?xml version="1.0" encoding="UTF-8"?>
<!-- Generated by org.testng.reporters.JUnitXMLReporter -->
<testsuite hostname="LAPTOP-0J7NNLBG" ignored="0" name="Group1" tests="7" failures="0" timestamp="2020-08-27T10:05:09 CDT" time="56.725" errors="0">
  <testcase name="titleCheck" time="0.024" classname="JobBoard.Activity_1"/>
  <testcase name="headingCheck" time="0.072" classname="JobBoard.Activity_2"/>
  <testcase name="imageURL" time="0.045" classname="JobBoard.Activity_3"/>
  <testcase name="secondHeadingCheck" time="0.055" classname="JobBoard.Activity_4"/>
  <testcase name="navigateToJobs" time="0.798" classname="JobBoard.Activity_5and6"/>
  <testcase name="applyingForJob" time="1.772" classname="JobBoard.Activity_5and6"/>
  <testcase name="postingJob" time="9.807" classname="JobBoard.Activity_7"/>
</testsuite> <!-- Group1 -->
